<?xml version="1.0" encoding="UTF-8"?>
<!-- Generated by org.testng.reporters.JUnitReportReporter -->
<testsuite hostname="CLMC02SH12YG8WM" failures="0" tests="1" name="SPRCOM_92050_Android_Payment.SPRCOM_105500_Android_LoginAO_AddpaymentMethod" time="43.472" errors="0" timestamp="30 Sep 2019 16:38:31 GMT" skipped="0">
  <testcase classname="SPRCOM_92050_Android_Payment.SPRCOM_105500_Android_LoginAO_AddpaymentMethod" name="SPRCOM_105506" time="43.472"/>
</testsuite> <!-- SPRCOM_92050_Android_Payment.SPRCOM_105500_Android_LoginAO_AddpaymentMethod -->
