<?xml version="1.0" encoding="UTF-8"?>
<!-- Generated by org.testng.reporters.JUnitReportReporter -->
<testsuite hostname="CLMC02SH12YG8WM" failures="0" tests="4" name="SPRCOM_92051_Android_LoginAO.SPRCOM_105400_Android_LoginAO_Login" time="133.549" errors="0" timestamp="30 Sep 2019 16:38:31 GMT" skipped="0">
  <testcase classname="SPRCOM_92051_Android_LoginAO.SPRCOM_105400_Android_LoginAO_Login" name="SPRCOM_105404" time="33.359"/>
  <testcase classname="SPRCOM_92051_Android_LoginAO.SPRCOM_105400_Android_LoginAO_Login" name="SPRCOM_105404" time="29.251"/>
  <testcase classname="SPRCOM_92051_Android_LoginAO.SPRCOM_105400_Android_LoginAO_Login" name="SPRCOM_105402" time="33.504"/>
  <testcase classname="SPRCOM_92051_Android_LoginAO.SPRCOM_105400_Android_LoginAO_Login" name="SPRCOM_105402" time="37.435"/>
</testsuite> <!-- SPRCOM_92051_Android_LoginAO.SPRCOM_105400_Android_LoginAO_Login -->
