<?xml version="1.0" encoding="UTF-8"?>
<!-- Generated by org.testng.reporters.JUnitReportReporter -->
<testsuite hostname="CLMC02SH12YG8WM" failures="0" tests="1" name="SPRCOM_92050_Android_Payment.SPRCOM_105300_Android_NonLogin_AddPaymentMethod" time="46.708" errors="0" timestamp="30 Sep 2019 16:38:31 GMT" skipped="0">
  <testcase classname="SPRCOM_92050_Android_Payment.SPRCOM_105300_Android_NonLogin_AddPaymentMethod" name="SPRCOM_105302" time="46.708"/>
</testsuite> <!-- SPRCOM_92050_Android_Payment.SPRCOM_105300_Android_NonLogin_AddPaymentMethod -->
